  XBoxPad.cpp
c:\program files (x86)\windows kits\10\include\10.0.15063.0\um\d3d10.h(6773): fatal error C1083: Cannot open include file: 'd3d10sdklayers.h': No such file or directory
  WavRead.cpp
c:\program files (x86)\windows kits\10\include\10.0.15063.0\um\d3d10.h(6773): fatal error C1083: Cannot open include file: 'd3d10sdklayers.h': No such file or directory
  Vertex.cpp
c:\program files (x86)\windows kits\10\include\10.0.15063.0\um\d3d10.h(6773): fatal error C1083: Cannot open include file: 'd3d10sdklayers.h': No such file or directory
  TextureMgr.cpp
c:\program files (x86)\windows kits\10\include\10.0.15063.0\um\d3d10.h(6773): fatal error C1083: Cannot open include file: 'd3d10sdklayers.h': No such file or directory
  Sprite.cpp
c:\program files (x86)\windows kits\10\include\10.0.15063.0\um\d3d10.h(6773): fatal error C1083: Cannot open include file: 'd3d10sdklayers.h': No such file or directory
  SoundLayer.cpp
c:\program files (x86)\windows kits\10\include\10.0.15063.0\um\d3d10.h(6773): fatal error C1083: Cannot open include file: 'd3d10sdklayers.h': No such file or directory
  Sound.cpp
c:\program files (x86)\windows kits\10\include\10.0.15063.0\um\d3d10.h(6773): fatal error C1083: Cannot open include file: 'd3d10sdklayers.h': No such file or directory
  Logfile.cpp
c:\program files (x86)\windows kits\10\include\10.0.15063.0\um\d3d10.h(6773): fatal error C1083: Cannot open include file: 'd3d10sdklayers.h': No such file or directory
  InputAndEventsDemo.cpp
  Input.cpp
c:\program files (x86)\windows kits\10\include\10.0.15063.0\um\d3d10.h(6773): fatal error C1083: Cannot open include file: 'd3d10sdklayers.h': No such file or directory
  InitSpriteDemo.cpp
  InitDemo.cpp
  GameTimer.cpp
c:\program files (x86)\windows kits\10\include\10.0.15063.0\um\d3d10.h(6773): fatal error C1083: Cannot open include file: 'd3d10sdklayers.h': No such file or directory
  FontDemo.cpp
c:\program files (x86)\windows kits\10\include\10.0.15063.0\um\d3d10.h(6773): fatal error C1083: Cannot open include file: 'd3d10sdklayers.h': No such file or directory
  Font.cpp
c:\program files (x86)\windows kits\10\include\10.0.15063.0\um\d3d10.h(6773): fatal error C1083: Cannot open include file: 'd3d10sdklayers.h': No such file or directory
  Event.cpp
c:\program files (x86)\windows kits\10\include\10.0.15063.0\um\d3d10.h(6773): fatal error C1083: Cannot open include file: 'd3d10sdklayers.h': No such file or directory
  Engine.cpp
c:\program files (x86)\windows kits\10\include\10.0.15063.0\um\d3d10.h(6773): fatal error C1083: Cannot open include file: 'd3d10sdklayers.h': No such file or directory
  Effect.cpp
c:\program files (x86)\windows kits\10\include\10.0.15063.0\um\d3d10.h(6773): fatal error C1083: Cannot open include file: 'd3d10sdklayers.h': No such file or directory
  DemoTemplate.cpp
  AudioMgr.cpp
c:\program files (x86)\windows kits\10\include\10.0.15063.0\um\d3d10.h(6773): fatal error C1083: Cannot open include file: 'd3d10sdklayers.h': No such file or directory
  Generating Code...
  Compiling...
  AudioDemo.cpp
  AnimSpriteDemo.cpp
  Generating Code...
